# charset = cp1251
Иван Крылов (1769-1844)
Самуил Маршак (1887-1964)

Александр Дольский
Александр Мирзаян
Александр Суханов
Александр Вертинский (1889-03-21--1957-05-21)
Александр Городницкий
Булат Окуджава (1924-5-9--1997-6-12)
Елена Камбурова
Михаил Щербаков
Новелла Матвеева
Татьяна и Сергей Никитины
Сергей Никитин
Валерий Агафонов (1941-1984)
Виктор Берковский (1932-07-13--2005-07-22)
Владимир Высоцкий (1938-1-25--1980-7-25)
Юлий Ким
фольклор МГУ

### Possible misspellings of the first name
# fix_firstname фолклор МГУ

### Misspelling of older versions fixed: misspelled => correct_shortcut
# fix Ivan Krylov (1769-1844)		=> Крылов
# fix Samuil Marshak (1887-1964)	=> Маршак
